<?xml version="1.0" encoding="UTF-8"?>
<testsuite xmlns:xsi="http://www.w3.org/2001/XMLSchema-instance" xsi:noNamespaceSchemaLocation="https://maven.apache.org/surefire/maven-surefire-plugin/xsd/surefire-test-report.xsd" name="TestSuite" time="13.634" tests="3" errors="0" skipped="0" failures="3">
  <properties>
[...]
</properties>
  <testcase name="resAssert" classname="com.study.ShopCart" time="5.301">
    <failure message="expected [200] but found [404]" type="java.lang.AssertionError">java.lang.AssertionError: expected [200] but found [404]
	at com.study.ShopCart.resAssert(ShopCart.java:59)
</failure>
    <system-out><![CDATA[Request method:	POST
Request URI:	http://mall.lemonban.com:8107/login
Proxy:			<none>
Request params:	<none>
Query params:	<none>
Form params:	<none>
Path params:	<none>
Headers:		Accept=*/*
				Content-Type=application/json; charset=UTF-8
Cookies:		<none>
Multiparts:		<none>
Body:
{
    "principal": "Donald",
    "credentials": "123456",
    "appType": 3,
    "loginType": 0
}
HTTP/1.1 200 
Vary: Origin
Vary: Access-Control-Request-Method
Vary: Access-Control-Request-Headers
X-Content-Type-Options: nosniff
X-XSS-Protection: 1; mode=block
Cache-Control: no-cache, no-store, max-age=0, must-revalidate
Pragma: no-cache
Expires: 0
X-Frame-Options: DENY
Set-Cookie: JSESSIONID=DBA1CB3DBD5ECC22B1C1A23CD09629A3; Path=/; HttpOnly
Content-Type: application/json;charset=UTF-8
Content-Length: 243
Date: Sun, 31 Jul 2022 11:36:28 GMT
Keep-Alive: timeout=60
Connection: keep-alive

{
    "access_token": "93b0f437-c018-41c4-9ee8-7808719ae6b1",
    "token_type": "bearer",
    "refresh_token": "689292f6-3ab6-4d65-993a-b9b5977e2e53",
    "expires_in": 1295999,
    "pic": null,
    "userId": "5c92a7c1044c4d7cafc47ef25fe1773a",
    "nickName": "Donald",
    "enabled": true
}
Request method:	POST
Request URI:	http://api.lemonban.com/p/shopCart/changeItem
Proxy:			<none>
Request params:	<none>
Query params:	<none>
Form params:	<none>
Path params:	<none>
Headers:		Authorization=bearer93b0f437-c018-41c4-9ee8-7808719ae6b1
				Accept=*/*
				Content-Type=application/json; charset=UTF-8
Cookies:		<none>
Multiparts:		<none>
Body:
{
    "basketId": 0,
    "count": 1,
    "prodId": "426",
    "shopId": 1,
    "skuId": 7552
}
HTTP/1.1 404 
Server: nginx/1.4.2
Date: Sun, 31 Jul 2022 11:36:29 GMT
Content-Type: text/html;charset=utf-8
Transfer-Encoding: chunked
Connection: keep-alive
Content-Language: en
Content-Encoding: gzip

<html lang="en">
  <head>
    <title>HTTP Status 404 – Not Found</title>
    <style type="text/css">h1 {font-family:Tahoma,Arial,sans-serif;color:white;background-color:#525D76;font-size:22px;} h2 {font-family:Tahoma,Arial,sans-serif;color:white;background-color:#525D76;font-size:16px;} h3 {font-family:Tahoma,Arial,sans-serif;color:white;background-color:#525D76;font-size:14px;} body {font-family:Tahoma,Arial,sans-serif;color:black;background-color:white;} b {font-family:Tahoma,Arial,sans-serif;color:white;background-color:#525D76;} p {font-family:Tahoma,Arial,sans-serif;background:white;color:black;font-size:12px;} a {color:black;} a.name {color:black;} .line {height:1px;background-color:#525D76;border:none;}</style>
  </head>
  <body>
    <h1>HTTP Status 404 – Not Found</h1>
    <hr class="line"/>
    <p>
      <b>Type</b>
 Status Report    </p>
    <p>
      <b>Message</b>
 /p/shopCart/changeItem    </p>
    <p>
      <b>Description</b>
 The origin server did not find a current representation for the target resource or is not willing to disclose that one exists.    </p>
    <hr class="line"/>
    <h3>Apache Tomcat/9.0.24</h3>
  </body>
</html>
]]></system-out>
  </testcase>
  <testcase name="shopCart" classname="com.study.ShopCart" time="0.523">
    <failure message="Failed to parse the JSON document" type="io.restassured.path.json.exception.JsonPathException"><![CDATA[io.restassured.path.json.exception.JsonPathException: Failed to parse the JSON document
	at com.study.ShopCart.shopCart(ShopCart.java:33)
Caused by: groovy.json.JsonException: Lexing failed on line: 1, column: 1, while reading '<', no possible valid JSON value or punctuation could be recognized.
	at com.study.ShopCart.shopCart(ShopCart.java:33)
]]></failure>
    <system-out><![CDATA[Request method:	POST
Request URI:	http://mall.lemonban.com:8107/login
Proxy:			<none>
Request params:	<none>
Query params:	<none>
Form params:	<none>
Path params:	<none>
Headers:		Accept=*/*
				Content-Type=application/json; charset=UTF-8
Cookies:		<none>
Multiparts:		<none>
Body:
{
    "principal": "Donald",
    "credentials": "123456",
    "appType": 3,
    "loginType": 0
}
HTTP/1.1 200 
Vary: Origin
Vary: Access-Control-Request-Method
Vary: Access-Control-Request-Headers
X-Content-Type-Options: nosniff
X-XSS-Protection: 1; mode=block
Cache-Control: no-cache, no-store, max-age=0, must-revalidate
Pragma: no-cache
Expires: 0
X-Frame-Options: DENY
Set-Cookie: JSESSIONID=6CB47EC02C8931B629B859F4C05898B3; Path=/; HttpOnly
Content-Type: application/json;charset=UTF-8
Content-Length: 243
Date: Sun, 31 Jul 2022 11:36:30 GMT
Keep-Alive: timeout=60
Connection: keep-alive

{
    "access_token": "7b194379-56e6-4618-b1b1-37bc15bec68d",
    "token_type": "bearer",
    "refresh_token": "b8df5aed-64be-458d-952a-f1d58c8e675c",
    "expires_in": 1295999,
    "pic": null,
    "userId": "5c92a7c1044c4d7cafc47ef25fe1773a",
    "nickName": "Donald",
    "enabled": true
}
========================登录接口================================
Request method:	GET
Request URI:	http://api.lemonban.com/search/searchProdPage?prodName=&categoryId=&sort=0&orderBy=0&current=1&isAllProdType=true&st=0&size=12
Proxy:			<none>
Request params:	<none>
Query params:	<none>
Form params:	<none>
Path params:	<none>
Headers:		Accept=*/*
				Content-Type=application/json; charset=UTF-8
Cookies:		<none>
Multiparts:		<none>
Body:			<none>
HTTP/1.1 404 
Server: nginx/1.4.2
Date: Sun, 31 Jul 2022 11:36:30 GMT
Content-Type: text/html;charset=utf-8
Transfer-Encoding: chunked
Connection: keep-alive
Content-Language: en
Content-Encoding: gzip

<html lang="en">
  <head>
    <title>HTTP Status 404 – Not Found</title>
    <style type="text/css">h1 {font-family:Tahoma,Arial,sans-serif;color:white;background-color:#525D76;font-size:22px;} h2 {font-family:Tahoma,Arial,sans-serif;color:white;background-color:#525D76;font-size:16px;} h3 {font-family:Tahoma,Arial,sans-serif;color:white;background-color:#525D76;font-size:14px;} body {font-family:Tahoma,Arial,sans-serif;color:black;background-color:white;} b {font-family:Tahoma,Arial,sans-serif;color:white;background-color:#525D76;} p {font-family:Tahoma,Arial,sans-serif;background:white;color:black;font-size:12px;} a {color:black;} a.name {color:black;} .line {height:1px;background-color:#525D76;border:none;}</style>
  </head>
  <body>
    <h1>HTTP Status 404 – Not Found</h1>
    <hr class="line"/>
    <p>
      <b>Type</b>
 Status Report    </p>
    <p>
      <b>Message</b>
 /search/searchProdPage    </p>
    <p>
      <b>Description</b>
 The origin server did not find a current representation for the target resource or is not willing to disclose that one exists.    </p>
    <hr class="line"/>
    <h3>Apache Tomcat/9.0.24</h3>
  </body>
</html>
]]></system-out>
  </testcase>
  <testcase name="register" classname="com.study.RegisterTest" time="4.189">
    <failure message="expected [200] but found [405]" type="java.lang.AssertionError">java.lang.AssertionError: expected [200] but found [405]
	at com.study.RegisterTest.register(RegisterTest.java:50)
</failure>
    <system-out><![CDATA[17613528321
Request method:	PUT
Request URI:	http://api.lemonban.com/user/sendRegisterSms
Proxy:			<none>
Request params:	<none>
Query params:	<none>
Form params:	<none>
Path params:	<none>
Headers:		Accept=*/*
				Content-Type=application/json; charset=UTF-8
Cookies:		<none>
Multiparts:		<none>
Body:
{
    "mobile": "17613528321"
}
HTTP/1.1 405 
Server: nginx/1.4.2
Date: Sun, 31 Jul 2022 11:36:32 GMT
Content-Type: text/html;charset=utf-8
Content-Length: 1050
Connection: keep-alive
Allow: OPTIONS, GET, HEAD, POST
Content-Language: en

<html lang="en">
  <head>
    <title>HTTP Status 405 – Method Not Allowed</title>
    <style type="text/css">h1 {font-family:Tahoma,Arial,sans-serif;color:white;background-color:#525D76;font-size:22px;} h2 {font-family:Tahoma,Arial,sans-serif;color:white;background-color:#525D76;font-size:16px;} h3 {font-family:Tahoma,Arial,sans-serif;color:white;background-color:#525D76;font-size:14px;} body {font-family:Tahoma,Arial,sans-serif;color:black;background-color:white;} b {font-family:Tahoma,Arial,sans-serif;color:white;background-color:#525D76;} p {font-family:Tahoma,Arial,sans-serif;background:white;color:black;font-size:12px;} a {color:black;} a.name {color:black;} .line {height:1px;background-color:#525D76;border:none;}</style>
  </head>
  <body>
    <h1>HTTP Status 405 – Method Not Allowed</h1>
    <hr class="line"/>
    <p>
      <b>Type</b>
 Status Report    </p>
    <p>
      <b>Description</b>
 The method received in the request-line is known by the origin server but not supported by the target resource.    </p>
    <hr class="line"/>
    <h3>Apache Tomcat/9.0.24</h3>
  </body>
</html>
=================================发送验证码===================
Request method:	PUT
Request URI:	http://api.lemonban.com/user/checkRegisterSms
Proxy:			<none>
Request params:	<none>
Query params:	<none>
Form params:	<none>
Path params:	<none>
Headers:		Accept=*/*
				Content-Type=application/json; charset=UTF-8
Cookies:		<none>
Multiparts:		<none>
Body:
{
    "mobile": "17613528321",
    "validCode": "403227"
}
HTTP/1.1 405 
Server: nginx/1.4.2
Date: Sun, 31 Jul 2022 11:36:33 GMT
Content-Type: text/html;charset=utf-8
Content-Length: 1050
Connection: keep-alive
Allow: OPTIONS, GET, HEAD, POST
Content-Language: en

<html lang="en">
  <head>
    <title>HTTP Status 405 – Method Not Allowed</title>
    <style type="text/css">h1 {font-family:Tahoma,Arial,sans-serif;color:white;background-color:#525D76;font-size:22px;} h2 {font-family:Tahoma,Arial,sans-serif;color:white;background-color:#525D76;font-size:16px;} h3 {font-family:Tahoma,Arial,sans-serif;color:white;background-color:#525D76;font-size:14px;} body {font-family:Tahoma,Arial,sans-serif;color:black;background-color:white;} b {font-family:Tahoma,Arial,sans-serif;color:white;background-color:#525D76;} p {font-family:Tahoma,Arial,sans-serif;background:white;color:black;font-size:12px;} a {color:black;} a.name {color:black;} .line {height:1px;background-color:#525D76;border:none;}</style>
  </head>
  <body>
    <h1>HTTP Status 405 – Method Not Allowed</h1>
    <hr class="line"/>
    <p>
      <b>Type</b>
 Status Report    </p>
    <p>
      <b>Description</b>
 The method received in the request-line is known by the origin server but not supported by the target resource.    </p>
    <hr class="line"/>
    <h3>Apache Tomcat/9.0.24</h3>
  </body>
</html>
================================校验验证码========================
Price
Request method:	PUT
Request URI:	http://api.lemonban.com/user/registerOrBindUser
Proxy:			<none>
Request params:	<none>
Query params:	<none>
Form params:	<none>
Path params:	<none>
Headers:		Accept=*/*
				Content-Type=application/json; charset=UTF-8
Cookies:		<none>
Multiparts:		<none>
Body:
{"appType":3,"checkRegisterSmsFlag":"<!doctype html><html lang="en"><head><title>HTTP Status 405 – Method Not Allowed</title><style type="text/css">h1 {font-family:Tahoma,Arial,sans-serif;color:white;background-color:#525D76;font-size:22px;} h2 {font-family:Tahoma,Arial,sans-serif;color:white;background-color:#525D76;font-size:16px;} h3 {font-family:Tahoma,Arial,sans-serif;color:white;background-color:#525D76;font-size:14px;} body {font-family:Tahoma,Arial,sans-serif;color:black;background-color:white;} b {font-family:Tahoma,Arial,sans-serif;color:white;background-color:#525D76;} p {font-family:Tahoma,Arial,sans-serif;background:white;color:black;font-size:12px;} a {color:black;} a.name {color:black;} .line {height:1px;background-color:#525D76;border:none;}</style></head><body><h1>HTTP Status 405 – Method Not Allowed</h1><hr class="line" /><p><b>Type</b> Status Report</p><p><b>Description</b> The method received in the request-line is known by the origin server but not supported by the target resource.</p><hr class="line" /><h3>Apache Tomcat/9.0.24</h3></body></html>","mobile":17613528321,"userName":"An","password":"123456","registerOrBind":1,"validateType":1}
HTTP/1.1 405 
Server: nginx/1.4.2
Date: Sun, 31 Jul 2022 11:36:34 GMT
Content-Type: text/html;charset=utf-8
Content-Length: 1050
Connection: keep-alive
Allow: OPTIONS, GET, HEAD, POST
Content-Language: en

<html lang="en">
  <head>
    <title>HTTP Status 405 – Method Not Allowed</title>
    <style type="text/css">h1 {font-family:Tahoma,Arial,sans-serif;color:white;background-color:#525D76;font-size:22px;} h2 {font-family:Tahoma,Arial,sans-serif;color:white;background-color:#525D76;font-size:16px;} h3 {font-family:Tahoma,Arial,sans-serif;color:white;background-color:#525D76;font-size:14px;} body {font-family:Tahoma,Arial,sans-serif;color:black;background-color:white;} b {font-family:Tahoma,Arial,sans-serif;color:white;background-color:#525D76;} p {font-family:Tahoma,Arial,sans-serif;background:white;color:black;font-size:12px;} a {color:black;} a.name {color:black;} .line {height:1px;background-color:#525D76;border:none;}</style>
  </head>
  <body>
    <h1>HTTP Status 405 – Method Not Allowed</h1>
    <hr class="line"/>
    <p>
      <b>Type</b>
 Status Report    </p>
    <p>
      <b>Description</b>
 The method received in the request-line is known by the origin server but not supported by the target resource.    </p>
    <hr class="line"/>
    <h3>Apache Tomcat/9.0.24</h3>
  </body>
</html>
]]></system-out>
  </testcase>
</testsuite>