<?xml version="1.0" encoding="UTF-8"?>
<testsuite xmlns:xsi="http://www.w3.org/2001/XMLSchema-instance" xsi:noNamespaceSchemaLocation="https://maven.apache.org/surefire/maven-surefire-plugin/xsd/surefire-test-report.xsd" name="TestSuite" time="12.923" tests="2" errors="0" skipped="0" failures="1">
  <properties>
[...]
</properties>
  <testcase name="shopCart" classname="com.study.ShopCart" time="6.967">
    <failure message="expected [200] but found [400]" type="java.lang.AssertionError">java.lang.AssertionError: expected [200] but found [400]
	at com.study.ShopCart.shopCart(ShopCart.java:28)
</failure>
    <system-out><![CDATA[========================登录接口================================
===============================搜索接口===========================
===================================详细信息接口======================
]]></system-out>
  </testcase>
  <testcase name="register" classname="com.study.RegisterTest" time="3.482"/>
</testsuite>