-------------------------------------------------------------------------------
Test set: TestSuite
-------------------------------------------------------------------------------
Tests run: 2, Failures: 1, Errors: 0, Skipped: 0, Time elapsed: 12.923 s <<< FAILURE! - in TestSuite
shopCart(com.study.ShopCart)  Time elapsed: 6.967 s  <<< FAILURE!
java.lang.AssertionError: expected [200] but found [400]
	at com.study.ShopCart.shopCart(ShopCart.java:28)

